<?xml version="1.0" encoding="UTF-8"?>
<!-- Generated by org.testng.reporters.JUnitReportReporter -->
<testsuite hostname="Anitha" failures="0" tests="1" name="workingWithTestNg.TC_Zara_14_" time="62.012" errors="0" timestamp="2023-09-15T16:48:10 BST" skipped="0">
  <testcase classname="workingWithTestNg.TC_Zara_14_" name="zara" time="62.012"/>
</testsuite> <!-- workingWithTestNg.TC_Zara_14_ -->
