<?xml version="1.0" encoding="UTF-8"?>
<!-- Generated by org.testng.reporters.JUnitReportReporter -->
<testsuite hostname="Anitha" failures="0" tests="6" name="workingWithTestNg.Sample" time="0.072" errors="0" timestamp="2023-09-05T18:14:30 BST" skipped="0">
  <testcase classname="workingWithTestNg.Sample" name="homePage" time="0.003"/>
  <testcase classname="workingWithTestNg.Sample" name="logout" time="0.012"/>
  <testcase classname="workingWithTestNg.Sample" name="payment" time="0.005"/>
  <testcase classname="workingWithTestNg.Sample" name="productart" time="0.016"/>
  <testcase classname="workingWithTestNg.Sample" name="HomePage" time="0.032"/>
  <testcase classname="workingWithTestNg.Sample" name="loginPage" time="0.004"/>
</testsuite> <!-- workingWithTestNg.Sample -->
