<?xml version="1.0" encoding="UTF-8"?>
<!-- Generated by org.testng.reporters.JUnitReportReporter -->
<testsuite hostname="Anitha" failures="0" tests="4" name="workingWithTestNg.Example1_" time="0.019" errors="0" timestamp="2023-09-07T11:24:46 BST" skipped="0">
  <testcase classname="workingWithTestNg.Example1_" name="example" time="0.001"/>
  <testcase classname="workingWithTestNg.Example1_" name="test" time="0.014"/>
  <testcase classname="workingWithTestNg.Example1_" name="printName" time="0.002"/>
  <testcase classname="workingWithTestNg.Example1_" name="print" time="0.002"/>
</testsuite> <!-- workingWithTestNg.Example1_ -->
