<?xml version="1.0" encoding="UTF-8"?>
<!-- Generated by org.testng.reporters.JUnitReportReporter -->
<testsuite hostname="Anitha" failures="0" tests="1" name="readData.Register" time="27.946" errors="0" timestamp="2023-10-08T22:59:29 BST" skipped="0">
  <testcase classname="readData.Register" name="registerUser" time="27.946"/>
</testsuite> <!-- readData.Register -->
