<?xml version="1.0" encoding="UTF-8"?>
<!-- Generated by org.testng.reporters.JUnitReportReporter -->
<testsuite hostname="Anitha" failures="0" tests="2" name="configAnnotations.TC_AddProductToCart" time="16.207" errors="0" timestamp="2023-09-18T15:11:13 BST" skipped="0">
  <testcase classname="configAnnotations.TC_AddProductToCart" name="add" time="8.036"/>
  <testcase classname="configAnnotations.TC_AddProductToCart" name="ClickOn" time="8.171"/>
</testsuite> <!-- configAnnotations.TC_AddProductToCart -->
