<?xml version="1.0" encoding="UTF-8"?>
<!-- Generated by org.testng.reporters.JUnitReportReporter -->
<testsuite hostname="Anitha" failures="0" tests="1" name="ExploringConfigaration.TC_DWS_004" time="17.962" errors="0" timestamp="2023-09-20T17:03:40 BST" skipped="0">
  <testcase classname="ExploringConfigaration.TC_DWS_004" name="Apparel_Shoes" time="17.962"/>
</testsuite> <!-- ExploringConfigaration.TC_DWS_004 -->
