<?xml version="1.0" encoding="UTF-8"?>
<!-- Generated by org.testng.reporters.JUnitReportReporter -->
<testsuite hostname="Anitha" failures="0" tests="1" name="testScript.TC_Lyca_3_" time="31.670" errors="0" timestamp="2023-09-20T17:32:17 BST" skipped="0">
  <testcase classname="testScript.TC_Lyca_3_" name="Lyca" time="31.670"/>
</testsuite> <!-- testScript.TC_Lyca_3_ -->
