<?xml version="1.0" encoding="UTF-8"?>
<!-- Generated by org.testng.reporters.JUnitReportReporter -->
<testsuite hostname="Anitha" failures="0" tests="1" name="workingWithTestNg.TC_Massimodutti_13_" time="31.586" errors="0" timestamp="2023-09-15T16:48:10 BST" skipped="0">
  <testcase classname="workingWithTestNg.TC_Massimodutti_13_" name="massimodutti" time="31.586"/>
</testsuite> <!-- workingWithTestNg.TC_Massimodutti_13_ -->
