<?xml version="1.0" encoding="UTF-8"?>
<!-- Generated by org.testng.reporters.JUnitReportReporter -->
<testsuite hostname="Anitha" failures="0" tests="1" name="testScript.TC_Vivo_5_" time="17.276" errors="0" timestamp="2023-09-20T17:32:17 BST" skipped="0">
  <testcase classname="testScript.TC_Vivo_5_" name="vivo" time="17.276"/>
</testsuite> <!-- testScript.TC_Vivo_5_ -->
