<?xml version="1.0" encoding="UTF-8"?>
<!-- Generated by org.testng.reporters.JUnitReportReporter -->
<testsuite hostname="Anitha" failures="0" tests="1" name="workingWithTestNg.TC_Milkybar_10_" time="30.136" errors="0" timestamp="2023-09-15T16:48:10 BST" skipped="0">
  <testcase classname="workingWithTestNg.TC_Milkybar_10_" name="milkybar" time="30.136"/>
</testsuite> <!-- workingWithTestNg.TC_Milkybar_10_ -->
