<?xml version="1.0" encoding="UTF-8"?>
<!-- Generated by org.testng.reporters.JUnitReportReporter -->
<testsuite hostname="Anitha" failures="0" tests="6" name="workingWithTestNg.DependsOnMethod" time="0.022" errors="0" timestamp="2023-09-06T17:31:14 BST" skipped="0">
  <testcase classname="workingWithTestNg.DependsOnMethod" name="payment" time="0.001"/>
  <testcase classname="workingWithTestNg.DependsOnMethod" name="HomePage" time="0.014"/>
  <testcase classname="workingWithTestNg.DependsOnMethod" name="register" time="0.003"/>
  <testcase classname="workingWithTestNg.DependsOnMethod" name="loginPage" time="0.002"/>
  <testcase classname="workingWithTestNg.DependsOnMethod" name="productAtCart" time="0.001"/>
  <testcase classname="workingWithTestNg.DependsOnMethod" name="logout" time="0.001"/>
</testsuite> <!-- workingWithTestNg.DependsOnMethod -->
