<?xml version="1.0" encoding="UTF-8"?>
<!-- Generated by org.testng.reporters.JUnitReportReporter -->
<testsuite hostname="Anitha" failures="0" tests="1" name="workingWithTestNg.TestCase_4_" time="6.355" errors="0" timestamp="2023-09-14T18:19:38 BST" skipped="0">
  <testcase classname="workingWithTestNg.TestCase_4_" name="demoWeb" time="6.355"/>
</testsuite> <!-- workingWithTestNg.TestCase_4_ -->
