<?xml version="1.0" encoding="UTF-8"?>
<!-- Generated by org.testng.reporters.JUnitReportReporter -->
<testsuite hostname="Anitha" failures="0" tests="1" name="testScript.TC_Cadbury_6_" time="5.871" errors="0" timestamp="2023-09-20T17:32:17 BST" skipped="0">
  <testcase classname="testScript.TC_Cadbury_6_" name="cadbury" time="5.871"/>
</testsuite> <!-- testScript.TC_Cadbury_6_ -->
