<?xml version="1.0" encoding="UTF-8"?>
<!-- Generated by org.testng.reporters.JUnitReportReporter -->
<testsuite hostname="Anitha" failures="0" tests="1" name="configAnnotations.ExecutionOrder" time="0.011" errors="0" timestamp="2023-09-18T10:42:19 BST" skipped="0">
  <testcase classname="configAnnotations.ExecutionOrder" name="createAccont" time="0.011"/>
</testsuite> <!-- configAnnotations.ExecutionOrder -->
