<?xml version="1.0" encoding="UTF-8"?>
<!-- Generated by org.testng.reporters.JUnitReportReporter -->
<testsuite hostname="Anitha" failures="0" tests="1" name="testScript.TC_RiverIsland_11_" time="27.359" errors="0" timestamp="2023-09-18T17:43:52 BST" skipped="0">
  <testcase classname="testScript.TC_RiverIsland_11_" name="riverisland" time="27.359"/>
</testsuite> <!-- testScript.TC_RiverIsland_11_ -->
