<?xml version="1.0" encoding="UTF-8"?>
<!-- Generated by org.testng.reporters.JUnitReportReporter -->
<testsuite hostname="Anitha" failures="0" tests="3" name="workingWithTestNg.AlwayesRun" time="0.050" errors="0" timestamp="2023-09-06T18:29:14 BST" skipped="1">
  <testcase classname="workingWithTestNg.AlwayesRun" name="addToCart" time="0.046"/>
  <testcase classname="workingWithTestNg.AlwayesRun" name="payment" time="0.004"/>
  <testcase classname="workingWithTestNg.AlwayesRun" name="homePage">
    <skipped/>
  </testcase> <!-- homePage -->
</testsuite> <!-- workingWithTestNg.AlwayesRun -->
