<?xml version="1.0" encoding="UTF-8"?>
<!-- Generated by org.testng.reporters.JUnitReportReporter -->
<testsuite hostname="Anitha" failures="0" tests="2" name="workingWithTestNg.ChronologicalOrder" time="0.019" errors="0" timestamp="2023-09-07T20:03:46 BST" skipped="0">
  <testcase classname="workingWithTestNg.ChronologicalOrder" name="logout" time="0.002"/>
  <testcase classname="workingWithTestNg.ChronologicalOrder" name="login" time="0.017"/>
</testsuite> <!-- workingWithTestNg.ChronologicalOrder -->
