<?xml version="1.0" encoding="UTF-8"?>
<!-- Generated by org.testng.reporters.JUnitReportReporter -->
<testsuite hostname="Anitha" failures="0" tests="1" name="workingWithTestNg.TC_NIke_12_" time="66.247" errors="0" timestamp="2023-09-15T16:48:10 BST" skipped="0">
  <testcase classname="workingWithTestNg.TC_NIke_12_" name="nike" time="66.247"/>
</testsuite> <!-- workingWithTestNg.TC_NIke_12_ -->
