<?xml version="1.0" encoding="UTF-8"?>
<!-- Generated by org.testng.reporters.JUnitReportReporter -->
<testsuite hostname="Anitha" failures="0" tests="1" name="readData.Login" time="0.000" errors="0" timestamp="2023-10-02T13:33:39 BST" skipped="1">
  <testcase classname="readData.Login" name="LoginWithCred" time="0.000">
    <skipped/>
  </testcase> <!-- LoginWithCred -->
</testsuite> <!-- readData.Login -->
