<?xml version="1.0" encoding="UTF-8"?>
<!-- Generated by org.testng.reporters.JUnitReportReporter -->
<testsuite hostname="Anitha" failures="0" tests="7" name="workingWithTestNg.Priority" time="0.026" errors="0" timestamp="2023-09-07T09:46:03 BST" skipped="0">
  <testcase classname="workingWithTestNg.Priority" name="Indexpriority" time="0.015"/>
  <testcase classname="workingWithTestNg.Priority" name="HomePage" time="0.002"/>
  <testcase classname="workingWithTestNg.Priority" name="loginPage" time="0.002"/>
  <testcase classname="workingWithTestNg.Priority" name="homePage" time="0.001"/>
  <testcase classname="workingWithTestNg.Priority" name="productAddToCart" time="0.002"/>
  <testcase classname="workingWithTestNg.Priority" name="payment" time="0.002"/>
  <testcase classname="workingWithTestNg.Priority" name="logout" time="0.002"/>
</testsuite> <!-- workingWithTestNg.Priority -->
