<?xml version="1.0" encoding="UTF-8"?>
<!-- Generated by org.testng.reporters.JUnitReportReporter -->
<testsuite hostname="Anitha" failures="0" tests="3" name="readData.Launch" time="28.391" errors="0" timestamp="2023-09-26T16:50:04 BST" skipped="0">
  <testcase classname="readData.Launch" name="registerUser" time="6.284"/>
  <testcase classname="readData.Launch" name="registerUser" time="9.718"/>
  <testcase classname="readData.Launch" name="registerUser" time="12.389"/>
</testsuite> <!-- readData.Launch -->
