<?xml version="1.0" encoding="UTF-8"?>
<!-- Generated by org.testng.reporters.JUnitReportReporter -->
<testsuite hostname="Anitha" failures="0" tests="1" name="readData.ReadDataFromPropertyFile" time="0.020" errors="0" timestamp="2023-09-30T11:40:05 BST" skipped="0">
  <testcase classname="readData.ReadDataFromPropertyFile" name="getData" time="0.020"/>
</testsuite> <!-- readData.ReadDataFromPropertyFile -->
