<?xml version="1.0" encoding="UTF-8"?>
<!-- Generated by org.testng.reporters.JUnitReportReporter -->
<testsuite hostname="Anitha" failures="0" tests="2" name="configAnnotations.TC_Cart_001" time="35.295" errors="0" timestamp="2023-09-18T16:52:59 BST" skipped="0">
  <testcase classname="configAnnotations.TC_Cart_001" name="ClickOn" time="17.504"/>
  <testcase classname="configAnnotations.TC_Cart_001" name="add" time="17.791"/>
</testsuite> <!-- configAnnotations.TC_Cart_001 -->
