<?xml version="1.0" encoding="UTF-8"?>
<!-- Generated by org.testng.reporters.JUnitReportReporter -->
<testsuite hostname="Anitha" failures="0" tests="7" name="workingWithTestNg.WorkingWithPriority" time="0.058" errors="0" timestamp="2023-09-05T19:07:31 BST" skipped="0">
  <testcase classname="workingWithTestNg.WorkingWithPriority" name="Indexpriority" time="0.033"/>
  <testcase classname="workingWithTestNg.WorkingWithPriority" name="HomePage" time="0.006"/>
  <testcase classname="workingWithTestNg.WorkingWithPriority" name="loginPage" time="0.002"/>
  <testcase classname="workingWithTestNg.WorkingWithPriority" name="homePage" time="0.002"/>
  <testcase classname="workingWithTestNg.WorkingWithPriority" name="productAddToCart" time="0.003"/>
  <testcase classname="workingWithTestNg.WorkingWithPriority" name="payment" time="0.004"/>
  <testcase classname="workingWithTestNg.WorkingWithPriority" name="logout" time="0.008"/>
</testsuite> <!-- workingWithTestNg.WorkingWithPriority -->
