<?xml version="1.0" encoding="UTF-8"?>
<!-- Generated by org.testng.reporters.JUnitReportReporter -->
<testsuite hostname="Anitha" failures="0" tests="1" name="workingWithTestNg.TC_Oppo_4_" time="54.419" errors="0" timestamp="2023-09-15T16:48:09 BST" skipped="0">
  <testcase classname="workingWithTestNg.TC_Oppo_4_" name="oppo" time="54.419"/>
</testsuite> <!-- workingWithTestNg.TC_Oppo_4_ -->
