<?xml version="1.0" encoding="UTF-8"?>
<!-- Generated by org.testng.reporters.JUnitReportReporter -->
<testsuite hostname="Anitha" failures="0" tests="1" name="workingWithTestNg.Sample1" time="0.006" errors="0" timestamp="2023-09-15T16:48:10 BST" skipped="0">
  <testcase classname="workingWithTestNg.Sample1" name="Test" time="0.006"/>
</testsuite> <!-- workingWithTestNg.Sample1 -->
