<?xml version="1.0" encoding="UTF-8"?>
<!-- Generated by org.testng.reporters.JUnitReportReporter -->
<testsuite hostname="Anitha" failures="0" tests="1" name="testng.TC_AddToCartAndRemove_001" time="13.449" errors="0" timestamp="2023-09-28T12:56:31 BST" skipped="0">
  <testcase classname="testng.TC_AddToCartAndRemove_001" name="removeProd" time="13.449"/>
</testsuite> <!-- testng.TC_AddToCartAndRemove_001 -->
