<?xml version="1.0" encoding="UTF-8"?>
<!-- Generated by org.testng.reporters.JUnitReportReporter -->
<testsuite hostname="Anitha" failures="0" tests="4" name="workingWithTestNg.EnabledAndDescription" time="0.018" errors="0" timestamp="2023-09-07T14:31:56 BST" skipped="1">
  <testcase classname="workingWithTestNg.EnabledAndDescription" name="homePage" time="0.014"/>
  <testcase classname="workingWithTestNg.EnabledAndDescription" name="register" time="0.002"/>
  <testcase classname="workingWithTestNg.EnabledAndDescription" name="logout" time="0.002"/>
  <testcase classname="workingWithTestNg.EnabledAndDescription" name="login">
    <skipped/>
  </testcase> <!-- login -->
</testsuite> <!-- workingWithTestNg.EnabledAndDescription -->
