<?xml version="1.0" encoding="UTF-8"?>
<!-- Generated by org.testng.reporters.JUnitReportReporter -->
<testsuite hostname="Anitha" failures="0" tests="1" name="readData.Register" time="18.311" errors="0" timestamp="2023-09-29T12:39:16 BST" skipped="0">
  <testcase classname="readData.Register" name="registerUser" time="18.311"/>
</testsuite> <!-- readData.Register -->
