<?xml version="1.0" encoding="UTF-8"?>
<!-- Generated by org.testng.reporters.JUnitReportReporter -->
<testsuite hostname="Anitha" failures="0" tests="7" name="readData.Register1" time="80.497" errors="0" timestamp="2023-09-30T15:57:07 BST" skipped="0">
  <testcase classname="readData.Register1" name="registerUser" time="12.018"/>
  <testcase classname="readData.Register1" name="registerUser" time="10.234"/>
  <testcase classname="readData.Register1" name="registerUser" time="11.821"/>
  <testcase classname="readData.Register1" name="registerUser" time="10.428"/>
  <testcase classname="readData.Register1" name="registerUser" time="11.237"/>
  <testcase classname="readData.Register1" name="registerUser" time="10.869"/>
  <testcase classname="readData.Register1" name="registerUser" time="13.890"/>
</testsuite> <!-- readData.Register1 -->
