<?xml version="1.0" encoding="UTF-8"?>
<!-- Generated by org.testng.reporters.JUnitReportReporter -->
<testsuite hostname="Anitha" failures="0" tests="1" name="ExploringConfigaration.TC_DWS_2" time="19.280" errors="0" timestamp="2023-09-19T13:22:12 BST" skipped="0">
  <testcase classname="ExploringConfigaration.TC_DWS_2" name="Computers" time="19.280"/>
</testsuite> <!-- ExploringConfigaration.TC_DWS_2 -->
