<?xml version="1.0" encoding="UTF-8"?>
<!-- Generated by org.testng.reporters.JUnitReportReporter -->
<testsuite hostname="Anitha" failures="0" tests="1" name="workingWithTestNg.TestCase_3_" time="6.164" errors="0" timestamp="2023-09-14T18:19:38 BST" skipped="0">
  <testcase classname="workingWithTestNg.TestCase_3_" name="demoWeb" time="6.164"/>
</testsuite> <!-- workingWithTestNg.TestCase_3_ -->
