<?xml version="1.0" encoding="UTF-8"?>
<!-- Generated by org.testng.reporters.JUnitReportReporter -->
<testsuite hostname="Anitha" failures="0" tests="1" name="readData.LoginActitime" time="0.000" errors="0" timestamp="2023-09-27T17:36:35 BST" skipped="1">
  <testcase classname="readData.LoginActitime" name="login" time="0.000">
    <skipped/>
  </testcase> <!-- login -->
</testsuite> <!-- readData.LoginActitime -->
