<?xml version="1.0" encoding="UTF-8"?>
<!-- Generated by org.testng.reporters.JUnitReportReporter -->
<testsuite hostname="Anitha" failures="0" tests="1" name="readData.Login_1" time="0.000" errors="1" timestamp="2023-10-02T10:16:54 BST" skipped="0">
  <testcase classname="readData.Login_1" name="loginWithCread" time="0.000">
    <error message="
Method public void readData.Login_1.loginWithCread() requires a @DataProvider named : Login_1" type="org.testng.TestNGException">
      <![CDATA[org.testng.TestNGException: 
Method public void readData.Login_1.loginWithCread() requires a @DataProvider named : Login_1
at org.testng.internal.Parameters.findDataProvider(Parameters.java:614)
at org.testng.internal.Parameters.handleParameters(Parameters.java:808)
at org.testng.internal.Parameters.handleParameters(Parameters.java:775)
at org.testng.internal.ParameterHandler.handleParameters(ParameterHandler.java:60)
at org.testng.internal.ParameterHandler.createParameters(ParameterHandler.java:39)
at org.testng.internal.Invoker.invokeTestMethods(Invoker.java:1049)
at org.testng.internal.TestMethodWorker.invokeTestMethods(TestMethodWorker.java:140)
at org.testng.internal.TestMethodWorker.run(TestMethodWorker.java:122)
at org.testng.TestRunner.privateRun(TestRunner.java:724)
at org.testng.TestRunner.run(TestRunner.java:574)
at org.testng.SuiteRunner.runTest(SuiteRunner.java:398)
at org.testng.SuiteRunner.runSequentially(SuiteRunner.java:392)
at org.testng.SuiteRunner.privateRun(SuiteRunner.java:354)
at org.testng.SuiteRunner.run(SuiteRunner.java:302)
at org.testng.SuiteRunnerWorker.runSuite(SuiteRunnerWorker.java:53)
at org.testng.SuiteRunnerWorker.run(SuiteRunnerWorker.java:96)
at org.testng.TestNG.runSuitesSequentially(TestNG.java:1142)
at org.testng.TestNG.runSuitesLocally(TestNG.java:1064)
at org.testng.TestNG.runSuites(TestNG.java:994)
at org.testng.TestNG.run(TestNG.java:962)
at org.testng.remote.AbstractRemoteTestNG.run(AbstractRemoteTestNG.java:115)
at org.testng.remote.RemoteTestNG.initAndRun(RemoteTestNG.java:251)
at org.testng.remote.RemoteTestNG.main(RemoteTestNG.java:77)
]]>
    </error>
  </testcase> <!-- loginWithCread -->
</testsuite> <!-- readData.Login_1 -->
