<?xml version="1.0" encoding="UTF-8"?>
<!-- Generated by org.testng.reporters.JUnitReportReporter -->
<testsuite hostname="Anitha" failures="0" tests="1" name="basic.TestScript1_" time="6.693" errors="0" timestamp="2023-09-20T12:14:20 BST" skipped="0">
  <testcase classname="basic.TestScript1_" name="readTestData" time="6.693"/>
</testsuite> <!-- basic.TestScript1_ -->
