<?xml version="1.0" encoding="UTF-8"?>
<!-- Generated by org.testng.reporters.JUnitReportReporter -->
<testsuite hostname="Anitha" failures="0" tests="1" name="ExploringConfigaration.TC_DWS_006" time="18.530" errors="0" timestamp="2023-09-20T17:03:40 BST" skipped="0">
  <testcase classname="ExploringConfigaration.TC_DWS_006" name="Jewelry" time="18.530"/>
</testsuite> <!-- ExploringConfigaration.TC_DWS_006 -->
