<?xml version="1.0" encoding="UTF-8"?>
<!-- Generated by org.testng.reporters.JUnitReportReporter -->
<testsuite hostname="Anitha" failures="0" tests="1" name="workingWithTestNg.TC_Vivo_5_" time="22.444" errors="0" timestamp="2023-09-15T16:48:10 BST" skipped="0">
  <testcase classname="workingWithTestNg.TC_Vivo_5_" name="vivo" time="22.444"/>
</testsuite> <!-- workingWithTestNg.TC_Vivo_5_ -->
