<?xml version="1.0" encoding="UTF-8"?>
<!-- Generated by org.testng.reporters.JUnitReportReporter -->
<testsuite hostname="Anitha" failures="0" tests="1" name="workingWithTestNg.TestCase_2_" time="14.151" errors="0" timestamp="2023-09-14T18:19:38 BST" skipped="0">
  <testcase classname="workingWithTestNg.TestCase_2_" name="demoWeb" time="14.151"/>
</testsuite> <!-- workingWithTestNg.TestCase_2_ -->
