<?xml version="1.0" encoding="UTF-8"?>
<!-- Generated by org.testng.reporters.JUnitReportReporter -->
<testsuite hostname="Anitha" failures="0" tests="1" name="workingWithTestNg.TC_Apple_1_" time="27.878" errors="0" timestamp="2023-09-15T16:48:10 BST" skipped="0">
  <testcase classname="workingWithTestNg.TC_Apple_1_" name="demoWeb" time="27.878"/>
</testsuite> <!-- workingWithTestNg.TC_Apple_1_ -->
