<?xml version="1.0" encoding="UTF-8"?>
<!-- Generated by org.testng.reporters.JUnitReportReporter -->
<testsuite hostname="Anitha" failures="0" tests="5" name="workingWithTestNg.InvocationCount" time="0.025" errors="0" timestamp="2023-09-07T09:47:22 BST" skipped="0">
  <testcase classname="workingWithTestNg.InvocationCount" name="msg" time="0.002"/>
  <testcase classname="workingWithTestNg.InvocationCount" name="login" time="0.015"/>
  <testcase classname="workingWithTestNg.InvocationCount" name="msg" time="0.003"/>
  <testcase classname="workingWithTestNg.InvocationCount" name="otp" time="0.002"/>
  <testcase classname="workingWithTestNg.InvocationCount" name="msg" time="0.003"/>
</testsuite> <!-- workingWithTestNg.InvocationCount -->
